# JRE version: OpenJDK Runtime Environment (7.0_79-b14) (build 1.7.0_79-b14)
# Java VM: OpenJDK 64-Bit Server VM (24.79-b02 mixed mode linux-amd64 compressed oops)
Heap
 PSYoungGen      total 76288K, used 7670K [0x00000000eaa80000, 0x00000000efd80000, 0x0000000100000000)
  eden space 68608K, 0% used [0x00000000eaa80000,0x00000000eaa80000,0x00000000eed80000)
  from space 7680K, 99% used [0x00000000eed80000,0x00000000ef4fdaa8,0x00000000ef500000)
  to   space 6656K, 0% used [0x00000000ef500000,0x00000000ef500000,0x00000000efb80000)
 ParOldGen       total 24576K, used 24107K [0x00000000c0000000, 0x00000000c1800000, 0x00000000eaa80000)
  object space 24576K, 98% used [0x00000000c0000000,0x00000000c178ae60,0x00000000c1800000)
 PSPermGen       total 21504K, used 6154K [0x00000000b5a00000, 0x00000000b6f00000, 0x00000000c0000000)
  object space 21504K, 28% used [0x00000000b5a00000,0x00000000b60029d8,0x00000000b6f00000)
GC Heap History (10 events):
Event: 2.456 GC heap after
Heap after GC invocations=2 (full 0):
 PSYoungGen      total 18432K, used 1023K [0x00000000eaa80000, 0x00000000ebd80000, 0x0000000100000000)
  eden space 17408K, 0% used [0x00000000eaa80000,0x00000000eaa80000,0x00000000ebb80000)
  from space 1024K, 99% used [0x00000000ebc80000,0x00000000ebd7fe50,0x00000000ebd80000)
  to   space 1024K, 0% used [0x00000000ebb80000,0x00000000ebb80000,0x00000000ebc80000)
 ParOldGen       total 20992K, used 3845K [0x00000000c0000000, 0x00000000c1480000, 0x00000000eaa80000)
  object space 20992K, 18% used [0x00000000c0000000,0x00000000c03c1498,0x00000000c1480000)
 PSPermGen       total 21504K, used 5799K [0x00000000b5a00000, 0x00000000b6f00000, 0x00000000c0000000)
  object space 21504K, 26% used [0x00000000b5a00000,0x00000000b5fa9d60,0x00000000b6f00000)
}
Event: 3.629 GC heap before
{Heap before GC invocations=3 (full 0):
 PSYoungGen      total 18432K, used 18431K [0x00000000eaa80000, 0x00000000ebd80000, 0x0000000100000000)
  eden space 17408K, 100% used [0x00000000eaa80000,0x00000000ebb80000,0x00000000ebb80000)
  from space 1024K, 99% used [0x00000000ebc80000,0x00000000ebd7fe50,0x00000000ebd80000)
  to   space 1024K, 0% used [0x00000000ebb80000,0x00000000ebb80000,0x00000000ebc80000)
 ParOldGen       total 20992K, used 3845K [0x00000000c0000000, 0x00000000c1480000, 0x00000000eaa80000)
  object space 20992K, 18% used [0x00000000c0000000,0x00000000c03c1498,0x00000000c1480000)
 PSPermGen       total 21504K, used 5993K [0x00000000b5a00000, 0x00000000b6f00000, 0x00000000c0000000)
  object space 21504K, 27% used [0x00000000b5a00000,0x00000000b5fda640,0x00000000b6f00000)
Event: 3.662 GC heap after
Heap after GC invocations=3 (full 0):
 PSYoungGen      total 18432K, used 1007K [0x00000000eaa80000, 0x00000000ece80000, 0x0000000100000000)
  eden space 17408K, 0% used [0x00000000eaa80000,0x00000000eaa80000,0x00000000ebb80000)
  from space 1024K, 98% used [0x00000000ebb80000,0x00000000ebc7be50,0x00000000ebc80000)
  to   space 1024K, 0% used [0x00000000ecd80000,0x00000000ecd80000,0x00000000ece80000)
 ParOldGen       total 20992K, used 6741K [0x00000000c0000000, 0x00000000c1480000, 0x00000000eaa80000)
  object space 20992K, 32% used [0x00000000c0000000,0x00000000c0695668,0x00000000c1480000)
 PSPermGen       total 21504K, used 5993K [0x00000000b5a00000, 0x00000000b6f00000, 0x00000000c0000000)
  object space 21504K, 27% used [0x00000000b5a00000,0x00000000b5fda640,0x00000000b6f00000)
}
Event: 4.920 GC heap before
{Heap before GC invocations=4 (full 0):
 PSYoungGen      total 18432K, used 18415K [0x00000000eaa80000, 0x00000000ece80000, 0x0000000100000000)
  eden space 17408K, 100% used [0x00000000eaa80000,0x00000000ebb80000,0x00000000ebb80000)
  from space 1024K, 98% used [0x00000000ebb80000,0x00000000ebc7be50,0x00000000ebc80000)
  to   space 1024K, 0% used [0x00000000ecd80000,0x00000000ecd80000,0x00000000ece80000)
 ParOldGen       total 20992K, used 6741K [0x00000000c0000000, 0x00000000c1480000, 0x00000000eaa80000)
  object space 20992K, 32% used [0x00000000c0000000,0x00000000c0695668,0x00000000c1480000)
 PSPermGen       total 21504K, used 6031K [0x00000000b5a00000, 0x00000000b6f00000, 0x00000000c0000000)
  object space 21504K, 28% used [0x00000000b5a00000,0x00000000b5fe3d20,0x00000000b6f00000)
Event: 5.010 GC heap after
Heap after GC invocations=4 (full 0):
 PSYoungGen      total 35840K, used 1023K [0x00000000eaa80000, 0x00000000ece80000, 0x0000000100000000)
  eden space 34816K, 0% used [0x00000000eaa80000,0x00000000eaa80000,0x00000000ecc80000)
  from space 1024K, 99% used [0x00000000ecd80000,0x00000000ece7fe60,0x00000000ece80000)
  to   space 1024K, 0% used [0x00000000ecc80000,0x00000000ecc80000,0x00000000ecd80000)
 ParOldGen       total 20992K, used 9111K [0x00000000c0000000, 0x00000000c1480000, 0x00000000eaa80000)
  object space 20992K, 43% used [0x00000000c0000000,0x00000000c08e5f68,0x00000000c1480000)
 PSPermGen       total 21504K, used 6031K [0x00000000b5a00000, 0x00000000b6f00000, 0x00000000c0000000)
  object space 21504K, 28% used [0x00000000b5a00000,0x00000000b5fe3d20,0x00000000b6f00000)
}
Event: 7.071 GC heap before
{Heap before GC invocations=5 (full 0):
 PSYoungGen      total 35840K, used 35839K [0x00000000eaa80000, 0x00000000ece80000, 0x0000000100000000)
  eden space 34816K, 100% used [0x00000000eaa80000,0x00000000ecc80000,0x00000000ecc80000)
  from space 1024K, 99% used [0x00000000ecd80000,0x00000000ece7fe60,0x00000000ece80000)
  to   space 1024K, 0% used [0x00000000ecc80000,0x00000000ecc80000,0x00000000ecd80000)
 ParOldGen       total 20992K, used 9111K [0x00000000c0000000, 0x00000000c1480000, 0x00000000eaa80000)
  object space 20992K, 43% used [0x00000000c0000000,0x00000000c08e5f68,0x00000000c1480000)
 PSPermGen       total 21504K, used 6080K [0x00000000b5a00000, 0x00000000b6f00000, 0x00000000c0000000)
  object space 21504K, 28% used [0x00000000b5a00000,0x00000000b5ff0330,0x00000000b6f00000)
Event: 7.213 GC heap after
Heap after GC invocations=5 (full 0):
 PSYoungGen      total 35840K, used 1009K [0x00000000eaa80000, 0x00000000efb80000, 0x0000000100000000)
  eden space 34816K, 0% used [0x00000000eaa80000,0x00000000eaa80000,0x00000000ecc80000)
  from space 1024K, 98% used [0x00000000ecc80000,0x00000000ecd7c628,0x00000000ecd80000)
  to   space 6656K, 0% used [0x00000000ef500000,0x00000000ef500000,0x00000000efb80000)
 ParOldGen       total 20992K, used 15066K [0x00000000c0000000, 0x00000000c1480000, 0x00000000eaa80000)
  object space 20992K, 71% used [0x00000000c0000000,0x00000000c0eb6970,0x00000000c1480000)
 PSPermGen       total 21504K, used 6080K [0x00000000b5a00000, 0x00000000b6f00000, 0x00000000c0000000)
  object space 21504K, 28% used [0x00000000b5a00000,0x00000000b5ff0330,0x00000000b6f00000)
}
Event: 9.123 GC heap before
{Heap before GC invocations=6 (full 0):
 PSYoungGen      total 35840K, used 35825K [0x00000000eaa80000, 0x00000000efb80000, 0x0000000100000000)
  eden space 34816K, 100% used [0x00000000eaa80000,0x00000000ecc80000,0x00000000ecc80000)
  from space 1024K, 98% used [0x00000000ecc80000,0x00000000ecd7c628,0x00000000ecd80000)
  to   space 6656K, 0% used [0x00000000ef500000,0x00000000ef500000,0x00000000efb80000)
 ParOldGen       total 20992K, used 15066K [0x00000000c0000000, 0x00000000c1480000, 0x00000000eaa80000)
  object space 20992K, 71% used [0x00000000c0000000,0x00000000c0eb6970,0x00000000c1480000)
 PSPermGen       total 21504K, used 6122K [0x00000000b5a00000, 0x00000000b6f00000, 0x00000000c0000000)
  object space 21504K, 28% used [0x00000000b5a00000,0x00000000b5ffabb8,0x00000000b6f00000)
Event: 9.253 GC heap after
Heap after GC invocations=6 (full 0):
 PSYoungGen      total 75264K, used 6566K [0x00000000eaa80000, 0x00000000efd80000, 0x0000000100000000)
  eden space 68608K, 0% used [0x00000000eaa80000,0x00000000eaa80000,0x00000000eed80000)
  from space 6656K, 98% used [0x00000000ef500000,0x00000000efb69908,0x00000000efb80000)
  to   space 7680K, 0% used [0x00000000eed80000,0x00000000eed80000,0x00000000ef500000)
 ParOldGen       total 20992K, used 15066K [0x00000000c0000000, 0x00000000c1480000, 0x00000000eaa80000)
  object space 20992K, 71% used [0x00000000c0000000,0x00000000c0eb6970,0x00000000c1480000)
 PSPermGen       total 21504K, used 6122K [0x00000000b5a00000, 0x00000000b6f00000, 0x00000000c0000000)
  object space 21504K, 28% used [0x00000000b5a00000,0x00000000b5ffabb8,0x00000000b6f00000)
}
Event: 18.053 GC heap before
{Heap before GC invocations=7 (full 0):
 PSYoungGen      total 75264K, used 75174K [0x00000000eaa80000, 0x00000000efd80000, 0x0000000100000000)
  eden space 68608K, 100% used [0x00000000eaa80000,0x00000000eed80000,0x00000000eed80000)
  from space 6656K, 98% used [0x00000000ef500000,0x00000000efb69908,0x00000000efb80000)
  to   space 7680K, 0% used [0x00000000eed80000,0x00000000eed80000,0x00000000ef500000)
 ParOldGen       total 20992K, used 15066K [0x00000000c0000000, 0x00000000c1480000, 0x00000000eaa80000)
  object space 20992K, 71% used [0x00000000c0000000,0x00000000c0eb6970,0x00000000c1480000)
 PSPermGen       total 21504K, used 6154K [0x00000000b5a00000, 0x00000000b6f00000, 0x00000000c0000000)
  object space 21504K, 28% used [0x00000000b5a00000,0x00000000b60029d8,0x00000000b6f00000)

