# JRE version: OpenJDK Runtime Environment (7.0_79-b14) (build 1.7.0_79-b14)
# Java VM: OpenJDK 64-Bit Server VM (24.79-b02 mixed mode linux-amd64 compressed oops)
Heap
 PSYoungGen      total 76800K, used 9214K [0x00000000eaa80000, 0x00000000f0080000, 0x0000000100000000)
  eden space 67584K, 0% used [0x00000000eaa80000,0x00000000eaa80000,0x00000000eec80000)
  from space 9216K, 99% used [0x00000000eec80000,0x00000000ef57fa70,0x00000000ef580000)
  to   space 7168K, 0% used [0x00000000ef580000,0x00000000ef580000,0x00000000efc80000)
 ParOldGen       total 38400K, used 22068K [0x00000000c0000000, 0x00000000c2580000, 0x00000000eaa80000)
  object space 38400K, 57% used [0x00000000c0000000,0x00000000c158d3f0,0x00000000c2580000)
 PSPermGen       total 21504K, used 6155K [0x00000000b5a00000, 0x00000000b6f00000, 0x00000000c0000000)
  object space 21504K, 28% used [0x00000000b5a00000,0x00000000b6002d70,0x00000000b6f00000)
GC Heap History (10 events):
Event: 4.794 GC heap after
Heap after GC invocations=5 (full 0):
 PSYoungGen      total 18432K, used 1008K [0x00000000eaa80000, 0x00000000ed480000, 0x0000000100000000)
  eden space 17408K, 0% used [0x00000000eaa80000,0x00000000eaa80000,0x00000000ebb80000)
  from space 1024K, 98% used [0x00000000ebb80000,0x00000000ebc7c038,0x00000000ebc80000)
  to   space 4096K, 0% used [0x00000000ed080000,0x00000000ed080000,0x00000000ed480000)
 ParOldGen       total 20992K, used 10043K [0x00000000c0000000, 0x00000000c1480000, 0x00000000eaa80000)
  object space 20992K, 47% used [0x00000000c0000000,0x00000000c09ceec8,0x00000000c1480000)
 PSPermGen       total 21504K, used 6040K [0x00000000b5a00000, 0x00000000b6f00000, 0x00000000c0000000)
  object space 21504K, 28% used [0x00000000b5a00000,0x00000000b5fe60d0,0x00000000b6f00000)
}
Event: 5.712 GC heap before
{Heap before GC invocations=6 (full 0):
 PSYoungGen      total 18432K, used 18416K [0x00000000eaa80000, 0x00000000ed480000, 0x0000000100000000)
  eden space 17408K, 100% used [0x00000000eaa80000,0x00000000ebb80000,0x00000000ebb80000)
  from space 1024K, 98% used [0x00000000ebb80000,0x00000000ebc7c038,0x00000000ebc80000)
  to   space 4096K, 0% used [0x00000000ed080000,0x00000000ed080000,0x00000000ed480000)
 ParOldGen       total 20992K, used 10043K [0x00000000c0000000, 0x00000000c1480000, 0x00000000eaa80000)
  object space 20992K, 47% used [0x00000000c0000000,0x00000000c09ceec8,0x00000000c1480000)
 PSPermGen       total 21504K, used 6059K [0x00000000b5a00000, 0x00000000b6f00000, 0x00000000c0000000)
  object space 21504K, 28% used [0x00000000b5a00000,0x00000000b5feae60,0x00000000b6f00000)
Event: 5.773 GC heap after
Heap after GC invocations=6 (full 0):
 PSYoungGen      total 38912K, used 3818K [0x00000000eaa80000, 0x00000000ed480000, 0x0000000100000000)
  eden space 34816K, 0% used [0x00000000eaa80000,0x00000000eaa80000,0x00000000ecc80000)
  from space 4096K, 93% used [0x00000000ed080000,0x00000000ed43abb0,0x00000000ed480000)
  to   space 4096K, 0% used [0x00000000ecc80000,0x00000000ecc80000,0x00000000ed080000)
 ParOldGen       total 20992K, used 10043K [0x00000000c0000000, 0x00000000c1480000, 0x00000000eaa80000)
  object space 20992K, 47% used [0x00000000c0000000,0x00000000c09ceec8,0x00000000c1480000)
 PSPermGen       total 21504K, used 6059K [0x00000000b5a00000, 0x00000000b6f00000, 0x00000000c0000000)
  object space 21504K, 28% used [0x00000000b5a00000,0x00000000b5feae60,0x00000000b6f00000)
}
Event: 7.478 GC heap before
{Heap before GC invocations=7 (full 0):
 PSYoungGen      total 38912K, used 38634K [0x00000000eaa80000, 0x00000000ed480000, 0x0000000100000000)
  eden space 34816K, 100% used [0x00000000eaa80000,0x00000000ecc80000,0x00000000ecc80000)
  from space 4096K, 93% used [0x00000000ed080000,0x00000000ed43abb0,0x00000000ed480000)
  to   space 4096K, 0% used [0x00000000ecc80000,0x00000000ecc80000,0x00000000ed080000)
 ParOldGen       total 20992K, used 10043K [0x00000000c0000000, 0x00000000c1480000, 0x00000000eaa80000)
  object space 20992K, 47% used [0x00000000c0000000,0x00000000c09ceec8,0x00000000c1480000)
 PSPermGen       total 21504K, used 6101K [0x00000000b5a00000, 0x00000000b6f00000, 0x00000000c0000000)
  object space 21504K, 28% used [0x00000000b5a00000,0x00000000b5ff5560,0x00000000b6f00000)
Event: 7.609 GC heap after
Heap after GC invocations=7 (full 0):
 PSYoungGen      total 38912K, used 4094K [0x00000000eaa80000, 0x00000000efc80000, 0x0000000100000000)
  eden space 34816K, 0% used [0x00000000eaa80000,0x00000000eaa80000,0x00000000ecc80000)
  from space 4096K, 99% used [0x00000000ecc80000,0x00000000ed07fb48,0x00000000ed080000)
  to   space 7168K, 0% used [0x00000000ef580000,0x00000000ef580000,0x00000000efc80000)
 ParOldGen       total 20992K, used 15075K [0x00000000c0000000, 0x00000000c1480000, 0x00000000eaa80000)
  object space 20992K, 71% used [0x00000000c0000000,0x00000000c0eb8d58,0x00000000c1480000)
 PSPermGen       total 21504K, used 6101K [0x00000000b5a00000, 0x00000000b6f00000, 0x00000000c0000000)
  object space 21504K, 28% used [0x00000000b5a00000,0x00000000b5ff5560,0x00000000b6f00000)
}
Event: 9.412 GC heap before
{Heap before GC invocations=8 (full 0):
 PSYoungGen      total 38912K, used 38910K [0x00000000eaa80000, 0x00000000efc80000, 0x0000000100000000)
  eden space 34816K, 100% used [0x00000000eaa80000,0x00000000ecc80000,0x00000000ecc80000)
  from space 4096K, 99% used [0x00000000ecc80000,0x00000000ed07fb48,0x00000000ed080000)
  to   space 7168K, 0% used [0x00000000ef580000,0x00000000ef580000,0x00000000efc80000)
 ParOldGen       total 20992K, used 15075K [0x00000000c0000000, 0x00000000c1480000, 0x00000000eaa80000)
  object space 20992K, 71% used [0x00000000c0000000,0x00000000c0eb8d58,0x00000000c1480000)
 PSPermGen       total 21504K, used 6129K [0x00000000b5a00000, 0x00000000b6f00000, 0x00000000c0000000)
  object space 21504K, 28% used [0x00000000b5a00000,0x00000000b5ffc760,0x00000000b6f00000)
Event: 9.532 GC heap after
Heap after GC invocations=8 (full 0):
 PSYoungGen      total 74752K, used 7166K [0x00000000eaa80000, 0x00000000f0080000, 0x0000000100000000)
  eden space 67584K, 0% used [0x00000000eaa80000,0x00000000eaa80000,0x00000000eec80000)
  from space 7168K, 99% used [0x00000000ef580000,0x00000000efc7fb48,0x00000000efc80000)
  to   space 9216K, 0% used [0x00000000eec80000,0x00000000eec80000,0x00000000ef580000)
 ParOldGen       total 20992K, used 17524K [0x00000000c0000000, 0x00000000c1480000, 0x00000000eaa80000)
  object space 20992K, 83% used [0x00000000c0000000,0x00000000c111d228,0x00000000c1480000)
 PSPermGen       total 21504K, used 6129K [0x00000000b5a00000, 0x00000000b6f00000, 0x00000000c0000000)
  object space 21504K, 28% used [0x00000000b5a00000,0x00000000b5ffc760,0x00000000b6f00000)
}
Event: 9.534 GC heap before
{Heap before GC invocations=9 (full 1):
 PSYoungGen      total 74752K, used 7166K [0x00000000eaa80000, 0x00000000f0080000, 0x0000000100000000)
  eden space 67584K, 0% used [0x00000000eaa80000,0x00000000eaa80000,0x00000000eec80000)
  from space 7168K, 99% used [0x00000000ef580000,0x00000000efc7fb48,0x00000000efc80000)
  to   space 9216K, 0% used [0x00000000eec80000,0x00000000eec80000,0x00000000ef580000)
 ParOldGen       total 20992K, used 17524K [0x00000000c0000000, 0x00000000c1480000, 0x00000000eaa80000)
  object space 20992K, 83% used [0x00000000c0000000,0x00000000c111d228,0x00000000c1480000)
 PSPermGen       total 21504K, used 6129K [0x00000000b5a00000, 0x00000000b6f00000, 0x00000000c0000000)
  object space 21504K, 28% used [0x00000000b5a00000,0x00000000b5ffc760,0x00000000b6f00000)
Event: 10.441 GC heap after
Heap after GC invocations=9 (full 1):
 PSYoungGen      total 74752K, used 0K [0x00000000eaa80000, 0x00000000f0080000, 0x0000000100000000)
  eden space 67584K, 0% used [0x00000000eaa80000,0x00000000eaa80000,0x00000000eec80000)
  from space 7168K, 0% used [0x00000000ef580000,0x00000000ef580000,0x00000000efc80000)
  to   space 9216K, 0% used [0x00000000eec80000,0x00000000eec80000,0x00000000ef580000)
 ParOldGen       total 38400K, used 19863K [0x00000000c0000000, 0x00000000c2580000, 0x00000000eaa80000)
  object space 38400K, 51% used [0x00000000c0000000,0x00000000c1365ce0,0x00000000c2580000)
 PSPermGen       total 21504K, used 6127K [0x00000000b5a00000, 0x00000000b6f00000, 0x00000000c0000000)
  object space 21504K, 28% used [0x00000000b5a00000,0x00000000b5ffbeb0,0x00000000b6f00000)
}
Event: 15.819 GC heap before
{Heap before GC invocations=10 (full 1):
 PSYoungGen      total 74752K, used 67584K [0x00000000eaa80000, 0x00000000f0080000, 0x0000000100000000)
  eden space 67584K, 100% used [0x00000000eaa80000,0x00000000eec80000,0x00000000eec80000)
  from space 7168K, 0% used [0x00000000ef580000,0x00000000ef580000,0x00000000efc80000)
  to   space 9216K, 0% used [0x00000000eec80000,0x00000000eec80000,0x00000000ef580000)
 ParOldGen       total 38400K, used 19863K [0x00000000c0000000, 0x00000000c2580000, 0x00000000eaa80000)
  object space 38400K, 51% used [0x00000000c0000000,0x00000000c1365ce0,0x00000000c2580000)
 PSPermGen       total 21504K, used 6155K [0x00000000b5a00000, 0x00000000b6f00000, 0x00000000c0000000)
  object space 21504K, 28% used [0x00000000b5a00000,0x00000000b6002d70,0x00000000b6f00000)

